[  4681.655] 
X.Org X Server 1.21.1.2
X Protocol Version 11, Revision 0
[  4681.655] Current Operating System: Linux archlinux 5.15.12-arch1-1 #1 SMP PREEMPT Wed, 29 Dec 2021 12:04:56 +0000 x86_64
[  4681.656] Kernel command line: BOOT_IMAGE=/@/boot/vmlinuz-linux root=UUID=bf73a355-f6e0-4135-a29e-b7ea44200c42 rw rootflags=subvol=@ loglevel=3 quiet
[  4681.656]  
[  4681.656] Current version of pixman: 0.40.0
[  4681.657] 	Before reporting problems, check http://wiki.x.org
	to make sure that you have the latest version.
[  4681.657] Markers: (--) probed, (**) from config file, (==) default setting,
	(++) from command line, (!!) notice, (II) informational,
	(WW) warning, (EE) error, (NI) not implemented, (??) unknown.
[  4681.658] (==) Log file: "/home/nixon/.local/share/xorg/Xorg.0.log", Time: Mon Jan 31 16:01:46 2022
[  4681.659] (==) Using system config directory "/usr/share/X11/xorg.conf.d"
[  4681.659] (==) No Layout section.  Using the first Screen section.
[  4681.659] (==) No screen section available. Using defaults.
[  4681.659] (**) |-->Screen "Default Screen Section" (0)
[  4681.659] (**) |   |-->Monitor "<default monitor>"
[  4681.659] (==) No monitor specified for screen "Default Screen Section".
	Using a default monitor configuration.
[  4681.660] (==) Automatically adding devices
[  4681.660] (==) Automatically enabling devices
[  4681.660] (==) Automatically adding GPU devices
[  4681.660] (==) Automatically binding GPU devices
[  4681.660] (==) Max clients allowed: 256, resource mask: 0x1fffff
[  4681.660] (WW) The directory "/usr/share/fonts/misc" does not exist.
[  4681.660] 	Entry deleted from font path.
[  4681.660] (WW) The directory "/usr/share/fonts/OTF" does not exist.
[  4681.660] 	Entry deleted from font path.
[  4681.660] (WW) The directory "/usr/share/fonts/Type1" does not exist.
[  4681.660] 	Entry deleted from font path.
[  4681.660] (==) FontPath set to:
	/usr/share/fonts/TTF,
	/usr/share/fonts/100dpi,
	/usr/share/fonts/75dpi
[  4681.660] (==) ModulePath set to "/usr/lib/xorg/modules"
[  4681.660] (II) The server relies on udev to provide the list of input devices.
	If no devices become available, reconfigure udev or disable AutoAddDevices.
[  4681.660] (II) Module ABI versions:
[  4681.660] 	X.Org ANSI C Emulation: 0.4
[  4681.660] 	X.Org Video Driver: 25.2
[  4681.660] 	X.Org XInput driver : 24.4
[  4681.660] 	X.Org Server Extension : 10.0
[  4681.663] (++) using VT number 1

[  4681.669] (II) systemd-logind: took control of session /org/freedesktop/login1/session/_33
[  4681.673] (II) xfree86: Adding drm device (/dev/dri/card0)
[  4681.673] (II) Platform probe for /sys/devices/pci0000:00/0000:00:02.0/drm/card0
[  4681.675] (II) systemd-logind: got fd for /dev/dri/card0 226:0 fd 11 paused 0
[  4681.682] (--) PCI:*(0@0:2:0) 8086:0f31:1025:087f rev 14, Mem @ 0x90000000/4194304, 0x80000000/268435456, I/O @ 0x00002050/8, BIOS @ 0x????????/131072
[  4681.682] (WW) Open ACPI failed (/var/run/acpid.socket) (No such file or directory)
[  4681.682] (II) LoadModule: "glx"
[  4681.683] (II) Loading /usr/lib/xorg/modules/extensions/libglx.so
[  4681.687] (II) Module glx: vendor="X.Org Foundation"
[  4681.687] 	compiled for 1.21.1.2, module version = 1.0.0
[  4681.687] 	ABI class: X.Org Server Extension, version 10.0
[  4681.687] (==) Matched intel as autoconfigured driver 0
[  4681.687] (==) Matched modesetting as autoconfigured driver 1
[  4681.687] (==) Matched fbdev as autoconfigured driver 2
[  4681.687] (==) Matched vesa as autoconfigured driver 3
[  4681.687] (==) Assigned the driver to the xf86ConfigLayout
[  4681.688] (II) LoadModule: "intel"
[  4681.688] (WW) Warning, couldn't open module intel
[  4681.688] (EE) Failed to load module "intel" (module does not exist, 0)
[  4681.688] (II) LoadModule: "modesetting"
[  4681.688] (II) Loading /usr/lib/xorg/modules/drivers/modesetting_drv.so
[  4681.699] (II) Module modesetting: vendor="X.Org Foundation"
[  4681.699] 	compiled for 1.21.1.2, module version = 1.21.1
[  4681.699] 	Module class: X.Org Video Driver
[  4681.699] 	ABI class: X.Org Video Driver, version 25.2
[  4681.699] (II) LoadModule: "fbdev"
[  4681.700] (WW) Warning, couldn't open module fbdev
[  4681.700] (EE) Failed to load module "fbdev" (module does not exist, 0)
[  4681.700] (II) LoadModule: "vesa"
[  4681.700] (II) Loading /usr/lib/xorg/modules/drivers/vesa_drv.so
[  4681.700] (II) Module vesa: vendor="X.Org Foundation"
[  4681.701] 	compiled for 1.21.1.1, module version = 2.5.0
[  4681.701] 	Module class: X.Org Video Driver
[  4681.701] 	ABI class: X.Org Video Driver, version 25.2
[  4681.701] (II) modesetting: Driver for Modesetting Kernel Drivers: kms
[  4681.701] (II) VESA: driver for VESA chipsets: vesa
[  4681.701] xf86EnableIO: failed to enable I/O ports 0000-03ff (Operation not permitted)
[  4681.701] (II) modeset(0): using drv /dev/dri/card0
[  4681.701] (WW) VGA arbiter: cannot open kernel arbiter, no multi-card support
[  4681.701] (II) modeset(0): Creating default Display subsection in Screen section
	"Default Screen Section" for depth/fbbpp 24/32
[  4681.701] (==) modeset(0): Depth 24, (==) framebuffer bpp 32
[  4681.701] (==) modeset(0): RGB weight 888
[  4681.702] (==) modeset(0): Default visual is TrueColor
[  4681.702] (II) Loading sub module "glamoregl"
[  4681.702] (II) LoadModule: "glamoregl"
[  4681.702] (II) Loading /usr/lib/xorg/modules/libglamoregl.so
[  4681.714] (II) Module glamoregl: vendor="X.Org Foundation"
[  4681.714] 	compiled for 1.21.1.2, module version = 1.0.1
[  4681.714] 	ABI class: X.Org ANSI C Emulation, version 0.4
[  4681.738] (II) modeset(0): glamor X acceleration enabled on Mesa DRI Intel(R) HD Graphics (BYT)
[  4681.738] (II) modeset(0): glamor initialized
[  4681.738] (==) modeset(0): VariableRefresh: disabled
[  4681.738] (==) modeset(0): AsyncFlipSecondaries: disabled
[  4681.739] (II) modeset(0): Output eDP-1 has no monitor section
[  4681.746] (II) modeset(0): Output VGA-1 has no monitor section
[  4681.746] (II) modeset(0): Output DP-1 has no monitor section
[  4681.748] (II) modeset(0): Output HDMI-1 has no monitor section
[  4681.749] (II) modeset(0): EDID for output eDP-1
[  4681.749] (II) modeset(0): Manufacturer: CMN  Model: 1493  Serial#: 0
[  4681.750] (II) modeset(0): Year: 2013  Week: 40
[  4681.750] (II) modeset(0): EDID Version: 1.4
[  4681.750] (II) modeset(0): Digital Display Input
[  4681.750] (II) modeset(0): 6 bits per channel
[  4681.750] (II) modeset(0): Digital interface is DisplayPort
[  4681.750] (II) modeset(0): Max Image Size [cm]: horiz.: 31  vert.: 17
[  4681.750] (II) modeset(0): Gamma: 2.20
[  4681.750] (II) modeset(0): No DPMS capabilities specified
[  4681.750] (II) modeset(0): Supported color encodings: RGB 4:4:4 
[  4681.750] (II) modeset(0): First detailed timing is preferred mode
[  4681.750] (II) modeset(0): Preferred mode is native pixel format and refresh rate
[  4681.750] (II) modeset(0): redX: 0.575 redY: 0.335   greenX: 0.327 greenY: 0.580
[  4681.750] (II) modeset(0): blueX: 0.157 blueY: 0.137   whiteX: 0.313 whiteY: 0.329
[  4681.750] (II) modeset(0): Manufacturer's mask: 0
[  4681.750] (II) modeset(0): Supported detailed timing:
[  4681.750] (II) modeset(0): clock: 76.4 MHz   Image Size:  309 x 173 mm
[  4681.750] (II) modeset(0): h_active: 1366  h_sync: 1434  h_sync_end 1479 h_blank_end 1592 h_border: 0
[  4681.750] (II) modeset(0): v_active: 768  v_sync: 772  v_sync_end 779 v_blanking: 800 v_border: 0
[  4681.750] (II) modeset(0):  N140BGE-E43
[  4681.750] (II) modeset(0):  CMN
[  4681.750] (II) modeset(0):  N140BGE-E43
[  4681.750] (II) modeset(0): EDID (in hex):
[  4681.750] (II) modeset(0): 	00ffffffffffff000dae931400000000
[  4681.750] (II) modeset(0): 	28170104951f1178027e459355539428
[  4681.751] (II) modeset(0): 	23505400000001010101010101010101
[  4681.751] (II) modeset(0): 	010101010101da1d56e250002030442d
[  4681.751] (II) modeset(0): 	470035ad10000018000000fe004e3134
[  4681.751] (II) modeset(0): 	304247452d4534330a20000000fe0043
[  4681.751] (II) modeset(0): 	4d4e0a202020202020202020000000fe
[  4681.751] (II) modeset(0): 	004e3134304247452d4534330a200095
[  4681.751] (II) modeset(0): Printing probed modes for output eDP-1
[  4681.751] (II) modeset(0): Modeline "1366x768"x60.0   76.42  1366 1434 1479 1592  768 772 779 800 -hsync -vsync (48.0 kHz eP)
[  4681.751] (II) modeset(0): Modeline "1280x720"x120.0  156.12  1280 1376 1512 1744  720 721 724 746 doublescan -hsync +vsync (89.5 kHz d)
[  4681.751] (II) modeset(0): Modeline "1280x720"x120.0  120.75  1280 1304 1320 1360  720 721 724 740 doublescan +hsync -vsync (88.8 kHz d)
[  4681.751] (II) modeset(0): Modeline "1280x720"x59.9   74.50  1280 1344 1472 1664  720 723 728 748 -hsync +vsync (44.8 kHz d)
[  4681.751] (II) modeset(0): Modeline "1280x720"x59.7   63.75  1280 1328 1360 1440  720 723 728 741 +hsync -vsync (44.3 kHz d)
[  4681.751] (II) modeset(0): Modeline "1024x768"x120.1  133.47  1024 1100 1212 1400  768 768 770 794 doublescan -hsync +vsync (95.3 kHz d)
[  4681.752] (II) modeset(0): Modeline "1024x768"x60.0   65.00  1024 1048 1184 1344  768 771 777 806 -hsync -vsync (48.4 kHz d)
[  4681.752] (II) modeset(0): Modeline "960x720"x120.0  117.00  960 1024 1128 1300  720 720 722 750 doublescan -hsync +vsync (90.0 kHz d)
[  4681.752] (II) modeset(0): Modeline "928x696"x120.1  109.15  928 976 1088 1264  696 696 698 719 doublescan -hsync +vsync (86.4 kHz d)
[  4681.752] (II) modeset(0): Modeline "896x672"x120.0  102.40  896 960 1060 1224  672 672 674 697 doublescan -hsync +vsync (83.7 kHz d)
[  4681.752] (II) modeset(0): Modeline "1024x576"x119.9   98.50  1024 1092 1200 1376  576 577 580 597 doublescan -hsync +vsync (71.6 kHz d)
[  4681.752] (II) modeset(0): Modeline "1024x576"x119.9   78.38  1024 1048 1064 1104  576 577 580 592 doublescan +hsync -vsync (71.0 kHz d)
[  4681.752] (II) modeset(0): Modeline "1024x576"x59.9   46.50  1024 1064 1160 1296  576 579 584 599 -hsync +vsync (35.9 kHz d)
[  4681.752] (II) modeset(0): Modeline "1024x576"x59.8   42.00  1024 1072 1104 1184  576 579 584 593 +hsync -vsync (35.5 kHz d)
[  4681.752] (II) modeset(0): Modeline "960x600"x119.9   96.62  960 1028 1128 1296  600 601 604 622 doublescan -hsync +vsync (74.6 kHz d)
[  4681.752] (II) modeset(0): Modeline "960x600"x120.0   77.00  960 984 1000 1040  600 601 604 617 doublescan +hsync -vsync (74.0 kHz d)
[  4681.752] (II) modeset(0): Modeline "960x540"x119.9   86.50  960 1024 1124 1288  540 541 544 560 doublescan -hsync +vsync (67.2 kHz d)
[  4681.752] (II) modeset(0): Modeline "960x540"x120.0   69.25  960 984 1000 1040  540 541 544 555 doublescan +hsync -vsync (66.6 kHz d)
[  4681.752] (II) modeset(0): Modeline "960x540"x59.6   40.75  960 992 1088 1216  540 543 548 562 -hsync +vsync (33.5 kHz d)
[  4681.752] (II) modeset(0): Modeline "960x540"x59.8   37.25  960 1008 1040 1120  540 543 548 556 +hsync -vsync (33.3 kHz d)
[  4681.752] (II) modeset(0): Modeline "800x600"x120.0   81.00  800 832 928 1080  600 600 602 625 doublescan +hsync +vsync (75.0 kHz d)
[  4681.752] (II) modeset(0): Modeline "800x600"x60.3   40.00  800 840 968 1056  600 601 605 628 +hsync +vsync (37.9 kHz d)
[  4681.752] (II) modeset(0): Modeline "800x600"x56.2   36.00  800 824 896 1024  600 601 603 625 +hsync +vsync (35.2 kHz d)
[  4681.752] (II) modeset(0): Modeline "840x525"x120.0   73.12  840 892 980 1120  525 526 529 544 doublescan -hsync +vsync (65.3 kHz d)
[  4681.752] (II) modeset(0): Modeline "840x525"x119.8   59.50  840 864 880 920  525 526 529 540 doublescan +hsync -vsync (64.7 kHz d)
[  4681.752] (II) modeset(0): Modeline "864x486"x59.9   32.50  864 888 968 1072  486 489 494 506 -hsync +vsync (30.3 kHz d)
[  4681.752] (II) modeset(0): Modeline "864x486"x59.6   30.50  864 912 944 1024  486 489 494 500 +hsync -vsync (29.8 kHz d)
[  4681.752] (II) modeset(0): Modeline "700x525"x120.0   61.00  700 744 820 940  525 526 532 541 doublescan +hsync +vsync (64.9 kHz d)
[  4681.752] (II) modeset(0): Modeline "800x450"x119.9   59.12  800 848 928 1056  450 451 454 467 doublescan -hsync +vsync (56.0 kHz d)
[  4681.752] (II) modeset(0): Modeline "800x450"x119.6   48.75  800 824 840 880  450 451 454 463 doublescan +hsync -vsync (55.4 kHz d)
[  4681.752] (II) modeset(0): Modeline "640x512"x120.0   54.00  640 664 720 844  512 512 514 533 doublescan +hsync +vsync (64.0 kHz d)
[  4681.753] (II) modeset(0): Modeline "700x450"x119.9   51.75  700 740 812 924  450 451 456 467 doublescan -hsync +vsync (56.0 kHz d)
[  4681.753] (II) modeset(0): Modeline "700x450"x119.8   43.25  700 724 740 780  450 451 456 463 doublescan +hsync -vsync (55.4 kHz d)
[  4681.753] (II) modeset(0): Modeline "640x480"x120.0   54.00  640 688 744 900  480 480 482 500 doublescan +hsync +vsync (60.0 kHz d)
[  4681.753] (II) modeset(0): Modeline "640x480"x59.9   25.18  640 656 752 800  480 490 492 525 -hsync -vsync (31.5 kHz d)
[  4681.753] (II) modeset(0): Modeline "720x405"x59.5   22.50  720 744 808 896  405 408 413 422 -hsync +vsync (25.1 kHz d)
[  4681.753] (II) modeset(0): Modeline "720x405"x59.0   21.75  720 768 800 880  405 408 413 419 +hsync -vsync (24.7 kHz d)
[  4681.753] (II) modeset(0): Modeline "684x384"x119.8   42.62  684 720 788 892  384 385 390 399 doublescan -hsync +vsync (47.8 kHz d)
[  4681.753] (II) modeset(0): Modeline "684x384"x119.7   36.12  684 708 724 764  384 385 390 395 doublescan +hsync -vsync (47.3 kHz d)
[  4681.753] (II) modeset(0): Modeline "640x400"x119.8   41.75  640 676 740 840  400 401 404 415 doublescan -hsync +vsync (49.7 kHz d)
[  4681.753] (II) modeset(0): Modeline "640x400"x120.0   35.50  640 664 680 720  400 401 404 411 doublescan +hsync -vsync (49.3 kHz d)
[  4681.753] (II) modeset(0): Modeline "640x360"x119.7   37.25  640 672 736 832  360 361 364 374 doublescan -hsync +vsync (44.8 kHz d)
[  4681.753] (II) modeset(0): Modeline "640x360"x119.7   31.88  640 664 680 720  360 361 364 370 doublescan +hsync -vsync (44.3 kHz d)
[  4681.753] (II) modeset(0): Modeline "640x360"x59.8   18.00  640 664 720 800  360 363 368 376 -hsync +vsync (22.5 kHz d)
[  4681.753] (II) modeset(0): Modeline "640x360"x59.3   17.75  640 688 720 800  360 363 368 374 +hsync -vsync (22.2 kHz d)
[  4681.753] (II) modeset(0): Modeline "512x384"x120.0   32.50  512 524 592 672  384 385 388 403 doublescan -hsync -vsync (48.4 kHz d)
[  4681.753] (II) modeset(0): Modeline "512x288"x120.0   23.25  512 532 580 648  288 289 292 299 doublescan -hsync +vsync (35.9 kHz d)
[  4681.753] (II) modeset(0): Modeline "512x288"x119.8   21.00  512 536 552 592  288 289 292 296 doublescan +hsync -vsync (35.5 kHz d)
[  4681.753] (II) modeset(0): Modeline "480x270"x119.3   20.38  480 496 544 608  270 271 274 281 doublescan -hsync +vsync (33.5 kHz d)
[  4681.753] (II) modeset(0): Modeline "480x270"x119.6   18.62  480 504 520 560  270 271 274 278 doublescan +hsync -vsync (33.3 kHz d)
[  4681.753] (II) modeset(0): Modeline "400x300"x120.6   20.00  400 420 484 528  300 300 302 314 doublescan +hsync +vsync (37.9 kHz d)
[  4681.753] (II) modeset(0): Modeline "400x300"x112.7   18.00  400 412 448 512  300 300 301 312 doublescan +hsync +vsync (35.2 kHz d)
[  4681.753] (II) modeset(0): Modeline "432x243"x119.8   16.25  432 444 484 536  243 244 247 253 doublescan -hsync +vsync (30.3 kHz d)
[  4681.753] (II) modeset(0): Modeline "432x243"x119.1   15.25  432 456 472 512  243 244 247 250 doublescan +hsync -vsync (29.8 kHz d)
[  4681.753] (II) modeset(0): Modeline "320x240"x120.1   12.59  320 328 376 400  240 245 246 262 doublescan -hsync -vsync (31.5 kHz d)
[  4681.754] (II) modeset(0): Modeline "360x202"x119.0   11.25  360 372 404 448  202 204 206 211 doublescan -hsync +vsync (25.1 kHz d)
[  4681.754] (II) modeset(0): Modeline "360x202"x118.3   10.88  360 384 400 440  202 204 206 209 doublescan +hsync -vsync (24.7 kHz d)
[  4681.754] (II) modeset(0): Modeline "320x180"x119.7    9.00  320 332 360 400  180 181 184 188 doublescan -hsync +vsync (22.5 kHz d)
[  4681.754] (II) modeset(0): Modeline "320x180"x118.6    8.88  320 344 360 400  180 181 184 187 doublescan +hsync -vsync (22.2 kHz d)
[  4681.761] (II) modeset(0): EDID for output VGA-1
[  4681.761] (II) modeset(0): EDID for output DP-1
[  4681.762] (II) modeset(0): EDID for output HDMI-1
[  4681.762] (II) modeset(0): Output eDP-1 connected
[  4681.762] (II) modeset(0): Output VGA-1 disconnected
[  4681.762] (II) modeset(0): Output DP-1 disconnected
[  4681.762] (II) modeset(0): Output HDMI-1 disconnected
[  4681.762] (II) modeset(0): Using exact sizes for initial modes
[  4681.762] (II) modeset(0): Output eDP-1 using initial mode 1366x768 +0+0
[  4681.762] (==) modeset(0): Using gamma correction (1.0, 1.0, 1.0)
[  4681.762] (==) modeset(0): DPI set to (96, 96)
[  4681.762] (II) Loading sub module "fb"
[  4681.762] (II) LoadModule: "fb"
[  4681.763] (II) Module "fb" already built-in
[  4681.763] (II) UnloadModule: "vesa"
[  4681.763] (II) Unloading vesa
[  4681.787] (==) modeset(0): Backing store enabled
[  4681.787] (==) modeset(0): Silken mouse enabled
[  4681.888] (II) modeset(0): Initializing kms color map for depth 24, 8 bpc.
[  4681.889] (==) modeset(0): DPMS enabled
[  4681.889] (II) modeset(0): [DRI2] Setup complete
[  4681.889] (II) modeset(0): [DRI2]   DRI driver: i965
[  4681.889] (II) modeset(0): [DRI2]   VDPAU driver: va_gl
[  4681.889] (II) Initializing extension Generic Event Extension
[  4681.890] (II) Initializing extension SHAPE
[  4681.891] (II) Initializing extension MIT-SHM
[  4681.891] (II) Initializing extension XInputExtension
[  4681.892] (II) Initializing extension XTEST
[  4681.893] (II) Initializing extension BIG-REQUESTS
[  4681.893] (II) Initializing extension SYNC
[  4681.894] (II) Initializing extension XKEYBOARD
[  4681.895] (II) Initializing extension XC-MISC
[  4681.895] (II) Initializing extension SECURITY
[  4681.896] (II) Initializing extension XFIXES
[  4681.897] (II) Initializing extension RENDER
[  4681.897] (II) Initializing extension RANDR
[  4681.899] (II) Initializing extension COMPOSITE
[  4681.899] (II) Initializing extension DAMAGE
[  4681.900] (II) Initializing extension MIT-SCREEN-SAVER
[  4681.901] (II) Initializing extension DOUBLE-BUFFER
[  4681.901] (II) Initializing extension RECORD
[  4681.902] (II) Initializing extension DPMS
[  4681.903] (II) Initializing extension Present
[  4681.903] (II) Initializing extension DRI3
[  4681.904] (II) Initializing extension X-Resource
[  4681.905] (II) Initializing extension XVideo
[  4681.905] (II) Initializing extension XVideo-MotionCompensation
[  4681.905] (II) Initializing extension GLX
[  4681.915] (II) AIGLX: Loaded and initialized i965
[  4681.915] (II) GLX: Initialized DRI2 GL provider for screen 0
[  4681.915] (II) Initializing extension XFree86-VidModeExtension
[  4681.916] (II) Initializing extension XFree86-DGA
[  4681.917] (II) Initializing extension XFree86-DRI
[  4681.917] (II) Initializing extension DRI2
[  4681.919] (II) modeset(0): Damage tracking initialized
[  4681.919] (II) modeset(0): Setting screen physical size to 361 x 203
[  4682.156] (II) config/udev: Adding input device Power Button (/dev/input/event3)
[  4682.156] (**) Power Button: Applying InputClass "libinput keyboard catchall"
[  4682.156] (II) LoadModule: "libinput"
[  4682.156] (II) Loading /usr/lib/xorg/modules/input/libinput_drv.so
[  4682.160] (II) Module libinput: vendor="X.Org Foundation"
[  4682.160] 	compiled for 1.21.1, module version = 1.2.0
[  4682.160] 	Module class: X.Org XInput Driver
[  4682.160] 	ABI class: X.Org XInput driver, version 24.4
[  4682.160] (II) Using input driver 'libinput' for 'Power Button'
[  4682.162] (II) systemd-logind: got fd for /dev/input/event3 13:67 fd 21 paused 0
[  4682.163] (**) Power Button: always reports core events
[  4682.163] (**) Option "Device" "/dev/input/event3"
[  4682.163] (**) Option "_source" "server/udev"
[  4682.171] (II) event3  - Power Button: is tagged by udev as: Keyboard
[  4682.171] (II) event3  - Power Button: device is a keyboard
[  4682.171] (II) event3  - Power Button: device removed
[  4682.171] (**) Option "config_info" "udev:/sys/devices/LNXSYSTM:00/LNXPWRBN:00/input/input3/event3"
[  4682.171] (II) XINPUT: Adding extended input device "Power Button" (type: KEYBOARD, id 6)
[  4682.174] (II) event3  - Power Button: is tagged by udev as: Keyboard
[  4682.174] (II) event3  - Power Button: device is a keyboard
[  4682.176] (II) config/udev: Adding input device Video Bus (/dev/input/event11)
[  4682.176] (**) Video Bus: Applying InputClass "libinput keyboard catchall"
[  4682.176] (II) Using input driver 'libinput' for 'Video Bus'
[  4682.180] (II) systemd-logind: got fd for /dev/input/event11 13:75 fd 24 paused 0
[  4682.180] (**) Video Bus: always reports core events
[  4682.180] (**) Option "Device" "/dev/input/event11"
[  4682.180] (**) Option "_source" "server/udev"
[  4682.183] (II) event11 - Video Bus: is tagged by udev as: Keyboard
[  4682.183] (II) event11 - Video Bus: device is a keyboard
[  4682.184] (II) event11 - Video Bus: device removed
[  4682.184] (**) Option "config_info" "udev:/sys/devices/LNXSYSTM:00/LNXSYBUS:00/PNP0A08:00/LNXVIDEO:01/input/input15/event11"
[  4682.184] (II) XINPUT: Adding extended input device "Video Bus" (type: KEYBOARD, id 7)
[  4682.187] (II) event11 - Video Bus: is tagged by udev as: Keyboard
[  4682.187] (II) event11 - Video Bus: device is a keyboard
[  4682.189] (II) config/udev: Adding input device Video Bus (/dev/input/event10)
[  4682.190] (**) Video Bus: Applying InputClass "libinput keyboard catchall"
[  4682.190] (II) Using input driver 'libinput' for 'Video Bus'
[  4682.192] (II) systemd-logind: got fd for /dev/input/event10 13:74 fd 25 paused 0
[  4682.193] (**) Video Bus: always reports core events
[  4682.193] (**) Option "Device" "/dev/input/event10"
[  4682.193] (**) Option "_source" "server/udev"
[  4682.196] (II) event10 - Video Bus: is tagged by udev as: Keyboard
[  4682.197] (II) event10 - Video Bus: device is a keyboard
[  4682.197] (II) event10 - Video Bus: device removed
[  4682.197] (**) Option "config_info" "udev:/sys/devices/LNXSYSTM:00/LNXSYBUS:00/PNP0A08:00/device:19/LNXVIDEO:00/input/input14/event10"
[  4682.197] (II) XINPUT: Adding extended input device "Video Bus" (type: KEYBOARD, id 8)
[  4682.201] (II) event10 - Video Bus: is tagged by udev as: Keyboard
[  4682.201] (II) event10 - Video Bus: device is a keyboard
[  4682.204] (II) config/udev: Adding input device Power Button (/dev/input/event0)
[  4682.204] (**) Power Button: Applying InputClass "libinput keyboard catchall"
[  4682.204] (II) Using input driver 'libinput' for 'Power Button'
[  4682.206] (II) systemd-logind: got fd for /dev/input/event0 13:64 fd 26 paused 0
[  4682.206] (**) Power Button: always reports core events
[  4682.206] (**) Option "Device" "/dev/input/event0"
[  4682.206] (**) Option "_source" "server/udev"
[  4682.209] (II) event0  - Power Button: is tagged by udev as: Keyboard
[  4682.209] (II) event0  - Power Button: device is a keyboard
[  4682.209] (II) event0  - Power Button: device removed
[  4682.210] (**) Option "config_info" "udev:/sys/devices/LNXSYSTM:00/LNXSYBUS:00/PNP0C0C:00/input/input0/event0"
[  4682.210] (II) XINPUT: Adding extended input device "Power Button" (type: KEYBOARD, id 9)
[  4682.212] (II) event0  - Power Button: is tagged by udev as: Keyboard
[  4682.213] (II) event0  - Power Button: device is a keyboard
[  4682.215] (II) config/udev: Adding input device Lid Switch (/dev/input/event2)
[  4682.215] (II) No input driver specified, ignoring this device.
[  4682.215] (II) This device may have been added with another device file.
[  4682.216] (II) config/udev: Adding input device Sleep Button (/dev/input/event1)
[  4682.216] (**) Sleep Button: Applying InputClass "libinput keyboard catchall"
[  4682.216] (II) Using input driver 'libinput' for 'Sleep Button'
[  4682.219] (II) systemd-logind: got fd for /dev/input/event1 13:65 fd 27 paused 0
[  4682.219] (**) Sleep Button: always reports core events
[  4682.219] (**) Option "Device" "/dev/input/event1"
[  4682.219] (**) Option "_source" "server/udev"
[  4682.222] (II) event1  - Sleep Button: is tagged by udev as: Keyboard
[  4682.222] (II) event1  - Sleep Button: device is a keyboard
[  4682.222] (II) event1  - Sleep Button: device removed
[  4682.222] (**) Option "config_info" "udev:/sys/devices/LNXSYSTM:00/LNXSYBUS:00/PNP0C0E:00/input/input1/event1"
[  4682.222] (II) XINPUT: Adding extended input device "Sleep Button" (type: KEYBOARD, id 10)
[  4682.225] (II) event1  - Sleep Button: is tagged by udev as: Keyboard
[  4682.225] (II) event1  - Sleep Button: device is a keyboard
[  4682.229] (II) config/udev: Adding input device HD WebCam: HD WebCam (/dev/input/event8)
[  4682.229] (**) HD WebCam: HD WebCam: Applying InputClass "libinput keyboard catchall"
[  4682.230] (II) Using input driver 'libinput' for 'HD WebCam: HD WebCam'
[  4682.232] (II) systemd-logind: got fd for /dev/input/event8 13:72 fd 28 paused 0
[  4682.232] (**) HD WebCam: HD WebCam: always reports core events
[  4682.232] (**) Option "Device" "/dev/input/event8"
[  4682.232] (**) Option "_source" "server/udev"
[  4682.236] (II) event8  - HD WebCam: HD WebCam: is tagged by udev as: Keyboard
[  4682.236] (II) event8  - HD WebCam: HD WebCam: device is a keyboard
[  4682.236] (II) event8  - HD WebCam: HD WebCam: device removed
[  4682.236] (**) Option "config_info" "udev:/sys/devices/pci0000:00/0000:00:14.0/usb1/1-4/1-4:1.0/input/input9/event8"
[  4682.237] (II) XINPUT: Adding extended input device "HD WebCam: HD WebCam" (type: KEYBOARD, id 11)
[  4682.240] (II) event8  - HD WebCam: HD WebCam: is tagged by udev as: Keyboard
[  4682.241] (II) event8  - HD WebCam: HD WebCam: device is a keyboard
[  4682.242] (II) config/udev: Adding input device HDA Intel PCH Headphone (/dev/input/event12)
[  4682.242] (II) No input driver specified, ignoring this device.
[  4682.242] (II) This device may have been added with another device file.
[  4682.244] (II) config/udev: Adding input device HDA Intel PCH HDMI/DP,pcm=3 (/dev/input/event13)
[  4682.244] (II) No input driver specified, ignoring this device.
[  4682.244] (II) This device may have been added with another device file.
[  4682.246] (II) config/udev: Adding input device SYN1B7B:01 06CB:2969 Mouse (/dev/input/event5)
[  4682.246] (**) SYN1B7B:01 06CB:2969 Mouse: Applying InputClass "libinput pointer catchall"
[  4682.246] (II) Using input driver 'libinput' for 'SYN1B7B:01 06CB:2969 Mouse'
[  4682.248] (II) systemd-logind: got fd for /dev/input/event5 13:69 fd 29 paused 0
[  4682.249] (**) SYN1B7B:01 06CB:2969 Mouse: always reports core events
[  4682.249] (**) Option "Device" "/dev/input/event5"
[  4682.249] (**) Option "_source" "server/udev"
[  4682.253] (II) event5  - SYN1B7B:01 06CB:2969 Mouse: is tagged by udev as: Mouse Pointingstick
[  4682.254] (II) event5  - SYN1B7B:01 06CB:2969 Mouse: device is a pointer
[  4682.257] (II) event5  - SYN1B7B:01 06CB:2969 Mouse: device removed
[  4682.257] (**) Option "config_info" "udev:/sys/devices/platform/80860F41:00/i2c-0/i2c-SYN1B7B:01/0018:06CB:2969.0001/input/input10/event5"
[  4682.257] (II) XINPUT: Adding extended input device "SYN1B7B:01 06CB:2969 Mouse" (type: MOUSE, id 12)
[  4682.257] (**) Option "AccelerationScheme" "none"
[  4682.257] (**) SYN1B7B:01 06CB:2969 Mouse: (accel) selected scheme none/0
[  4682.257] (**) SYN1B7B:01 06CB:2969 Mouse: (accel) acceleration factor: 2.000
[  4682.257] (**) SYN1B7B:01 06CB:2969 Mouse: (accel) acceleration threshold: 4
[  4682.261] (II) event5  - SYN1B7B:01 06CB:2969 Mouse: is tagged by udev as: Mouse Pointingstick
[  4682.262] (II) event5  - SYN1B7B:01 06CB:2969 Mouse: device is a pointer
[  4682.267] (II) config/udev: Adding input device SYN1B7B:01 06CB:2969 Mouse (/dev/input/mouse0)
[  4682.267] (II) No input driver specified, ignoring this device.
[  4682.267] (II) This device may have been added with another device file.
[  4682.269] (II) config/udev: Adding input device SYN1B7B:01 06CB:2969 Touchpad (/dev/input/event6)
[  4682.269] (**) SYN1B7B:01 06CB:2969 Touchpad: Applying InputClass "libinput touchpad catchall"
[  4682.269] (II) Using input driver 'libinput' for 'SYN1B7B:01 06CB:2969 Touchpad'
[  4682.272] (II) systemd-logind: got fd for /dev/input/event6 13:70 fd 30 paused 0
[  4682.272] (**) SYN1B7B:01 06CB:2969 Touchpad: always reports core events
[  4682.272] (**) Option "Device" "/dev/input/event6"
[  4682.272] (**) Option "_source" "server/udev"
[  4682.276] (II) event6  - SYN1B7B:01 06CB:2969 Touchpad: is tagged by udev as: Touchpad
[  4682.282] (II) event6  - SYN1B7B:01 06CB:2969 Touchpad: device is a touchpad
[  4682.282] (II) event6  - SYN1B7B:01 06CB:2969 Touchpad: device removed
[  4682.284] (**) Option "config_info" "udev:/sys/devices/platform/80860F41:00/i2c-0/i2c-SYN1B7B:01/0018:06CB:2969.0001/input/input11/event6"
[  4682.284] (II) XINPUT: Adding extended input device "SYN1B7B:01 06CB:2969 Touchpad" (type: TOUCHPAD, id 13)
[  4682.289] (**) Option "AccelerationScheme" "none"
[  4682.289] (**) SYN1B7B:01 06CB:2969 Touchpad: (accel) selected scheme none/0
[  4682.289] (**) SYN1B7B:01 06CB:2969 Touchpad: (accel) acceleration factor: 2.000
[  4682.289] (**) SYN1B7B:01 06CB:2969 Touchpad: (accel) acceleration threshold: 4
[  4682.293] (II) event6  - SYN1B7B:01 06CB:2969 Touchpad: is tagged by udev as: Touchpad
[  4682.299] (II) event6  - SYN1B7B:01 06CB:2969 Touchpad: device is a touchpad
[  4682.302] (II) config/udev: Adding input device SYN1B7B:01 06CB:2969 Touchpad (/dev/input/mouse1)
[  4682.302] (II) No input driver specified, ignoring this device.
[  4682.302] (II) This device may have been added with another device file.
[  4682.304] (II) config/udev: Adding input device AT Translated Set 2 keyboard (/dev/input/event4)
[  4682.304] (**) AT Translated Set 2 keyboard: Applying InputClass "libinput keyboard catchall"
[  4682.304] (II) Using input driver 'libinput' for 'AT Translated Set 2 keyboard'
[  4682.309] (II) systemd-logind: got fd for /dev/input/event4 13:68 fd 31 paused 0
[  4682.309] (**) AT Translated Set 2 keyboard: always reports core events
[  4682.309] (**) Option "Device" "/dev/input/event4"
[  4682.309] (**) Option "_source" "server/udev"
[  4682.312] (II) event4  - AT Translated Set 2 keyboard: is tagged by udev as: Keyboard
[  4682.312] (II) event4  - AT Translated Set 2 keyboard: device is a keyboard
[  4682.315] (II) event4  - AT Translated Set 2 keyboard: device removed
[  4682.315] (**) Option "config_info" "udev:/sys/devices/platform/i8042/serio0/input/input4/event4"
[  4682.315] (II) XINPUT: Adding extended input device "AT Translated Set 2 keyboard" (type: KEYBOARD, id 14)
[  4682.319] (II) event4  - AT Translated Set 2 keyboard: is tagged by udev as: Keyboard
[  4682.319] (II) event4  - AT Translated Set 2 keyboard: device is a keyboard
[  4682.323] (II) config/udev: Adding input device PC Speaker (/dev/input/event7)
[  4682.323] (II) No input driver specified, ignoring this device.
[  4682.323] (II) This device may have been added with another device file.
[  4682.333] (II) config/udev: Adding input device Acer WMI hotkeys (/dev/input/event9)
[  4682.333] (**) Acer WMI hotkeys: Applying InputClass "libinput keyboard catchall"
[  4682.333] (II) Using input driver 'libinput' for 'Acer WMI hotkeys'
[  4682.337] (II) systemd-logind: got fd for /dev/input/event9 13:73 fd 32 paused 0
[  4682.337] (**) Acer WMI hotkeys: always reports core events
[  4682.337] (**) Option "Device" "/dev/input/event9"
[  4682.337] (**) Option "_source" "server/udev"
[  4682.339] (II) event9  - Acer WMI hotkeys: is tagged by udev as: Keyboard
[  4682.339] (II) event9  - Acer WMI hotkeys: device is a keyboard
[  4682.340] (II) event9  - Acer WMI hotkeys: device removed
[  4682.340] (**) Option "config_info" "udev:/sys/devices/virtual/input/input13/event9"
[  4682.340] (II) XINPUT: Adding extended input device "Acer WMI hotkeys" (type: KEYBOARD, id 15)
[  4682.342] (II) event9  - Acer WMI hotkeys: is tagged by udev as: Keyboard
[  4682.342] (II) event9  - Acer WMI hotkeys: device is a keyboard
